<?xml version="1.0" encoding="UTF-8" ?>
<testsuite tests="6" failures="0" name="com.lesha1.automation.AppTest" time="0.01" errors="0" skipped="0">
  <properties>
[...]
</properties>
  <testcase classname="com.lesha1.automation.AppTest" name="testvidstr" time="0.009"/>
  <testcase classname="com.lesha1.automation.AppTest" name="testApp" time="0"/>
  <testcase classname="com.lesha1.automation.AppTest" name="testSub" time="0"/>
  <testcase classname="com.lesha1.automation.AppTest" name="testUmn" time="0.001"/>
  <testcase classname="com.lesha1.automation.AppTest" name="testapp" time="0"/>
  <testcase classname="com.lesha1.automation.AppTest" name="testdelspace" time="0"/>
</testsuite>